L 06/20/2015 - 16:30:53: SourceMod log file session started (file "L20150620.log") (Version "1.7.2-dev+5203")
L 06/20/2015 - 16:30:53: -------- Mapchange to de_bazaar --------
L 06/20/2015 - 16:30:53: [GEOIP] GeoIP database info: GEO-106FREE 20091001 Build 1 Copyright (c) 2009 MaxMind Inc All Rights Reserved
L 06/20/2015 - 16:30:54: [warmod.smx] Current Map: de_bazaar, Warmod Version: 0.4.2
L 06/20/2015 - 16:32:27: -------- Mapchange to de_bazaar --------
L 06/20/2015 - 16:32:27: [warmod.smx] Current Map: de_bazaar, Warmod Version: 0.4.2
L 06/20/2015 - 16:32:33: [warmod.smx] Current Map: de_bazaar, Warmod Version: 0.4.4
L 06/20/2015 - 17:21:00: SourceMod log file session started (file "L20150620.log") (Version "1.7.2-dev+5203")
L 06/20/2015 - 17:21:00: Log file closed.
L 06/20/2015 - 17:21:39: SourceMod log file session started (file "L20150620.log") (Version "1.7.2-dev+5203")
L 06/20/2015 - 17:21:39: Log file closed.
L 06/20/2015 - 17:23:59: SourceMod log file session started (file "L20150620.log") (Version "1.7.2-dev+5203")
L 06/20/2015 - 17:23:59: Log file closed.
L 06/20/2015 - 17:33:12: SourceMod log file session started (file "L20150620.log") (Version "1.7.2-dev+5203")
L 06/20/2015 - 17:33:12: -------- Mapchange to de_dust --------
L 06/20/2015 - 17:33:12: [GEOIP] GeoIP database info: GEO-106FREE 20091001 Build 1 Copyright (c) 2009 MaxMind Inc All Rights Reserved
L 06/20/2015 - 17:33:13: [warmod.smx] Current Map: de_dust, Warmod Version: 0.4.4
L 06/20/2015 - 17:37:07: -------- Mapchange to workshop/401145257/de_fire --------
L 06/20/2015 - 17:37:08: [warmod.smx] Current Map: de_fire,  Workshop ID: 401145257, Warmod Version: 0.4.4
L 06/20/2015 - 17:37:13: -------- Mapchange to workshop/401145257/de_fire --------
L 06/20/2015 - 17:37:14: [warmod.smx] Current Map: de_fire,  Workshop ID: 401145257, Warmod Version: 0.4.4
L 06/20/2015 - 17:42:51: Log file closed.
