L 05/30/2015 - 18:35:29: SourceMod log file session started (file "L20150530.log") (Version "1.7.2-dev+5203")
L 05/30/2015 - 18:35:29: -------- Mapchange to de_dust --------
L 05/30/2015 - 18:35:29: [GEOIP] GeoIP database info: GEO-106FREE 20091001 Build 1 Copyright (c) 2009 MaxMind Inc All Rights Reserved
L 05/30/2015 - 18:35:31: [warmod.smx] Current Map: de_dust
L 05/30/2015 - 18:35:37: -------- Mapchange to workshop/163589843/de_cache --------
L 05/30/2015 - 18:35:38: [warmod.smx] Current Map: de_cache  Workshop ID: 163589843
L 05/30/2015 - 18:35:50: Log file closed.
L 05/30/2015 - 18:40:04: SourceMod log file session started (file "L20150530.log") (Version "1.7.2-dev+5203")
L 05/30/2015 - 18:40:04: -------- Mapchange to de_dust --------
L 05/30/2015 - 18:40:04: [GEOIP] GeoIP database info: GEO-106FREE 20091001 Build 1 Copyright (c) 2009 MaxMind Inc All Rights Reserved
L 05/30/2015 - 18:40:05: [warmod.smx] Current Map: de_dust
L 05/30/2015 - 18:40:08: -------- Mapchange to workshop/163589843/de_cache --------
L 05/30/2015 - 18:40:09: [warmod.smx] Current Map: de_cache  Workshop ID: 163589843
L 05/30/2015 - 18:40:34: [UPDATER] Successfully updated gamedata file "sm-cstrike.games/game.csgo.txt"
L 05/30/2015 - 18:40:34: [UPDATER] SourceMod has been updated, please reload it or restart your server.
L 05/30/2015 - 18:40:35: -------- Mapchange to workshop/163589843/de_cache --------
L 05/30/2015 - 18:40:35: [warmod.smx] Current Map: de_cache  Workshop ID: 163589843
L 05/30/2015 - 18:43:13: [warmod.smx] "knife_on_3" (player "Console<0><Console><Console>")
L 05/30/2015 - 18:47:40: [warmod.smx] "set_t_name" (player "Console<0><Console><Console>") (name "rhetical")
L 05/30/2015 - 18:47:46: [warmod.smx] "set_ct_name" (player "Console<0><Console><Console>") (name "wwekdfaj")
L 05/30/2015 - 18:56:02: -------- Mapchange to workshop/401145257/de_fire --------
L 05/30/2015 - 18:56:03: [warmod.smx] Current Map: de_fire  Workshop ID: 401145257
